This file contains any messages produced by compilers while
running configure, to aid debugging if configure makes a mistake.

It was created by blitzwave configure 0.7.1, which was
generated by GNU Autoconf 2.61.  Invocation command line was

  $ ./configure 

## --------- ##
## Platform. ##
## --------- ##

hostname = marcs-mbp
uname -m = x86_64
uname -r = 13.3.0
uname -s = Darwin
uname -v = Darwin Kernel Version 13.3.0: Tue Jun  3 21:27:35 PDT 2014; root:xnu-2422.110.17~1/RELEASE_X86_64

/usr/bin/uname -p = i386
/bin/uname -X     = unknown

/bin/arch              = unknown
/usr/bin/arch -k       = unknown
/usr/convex/getsysinfo = unknown
/usr/bin/hostinfo      = Mach kernel version:
	 Darwin Kernel Version 13.3.0: Tue Jun  3 21:27:35 PDT 2014; root:xnu-2422.110.17~1/RELEASE_X86_64
Kernel configured for up to 4 processors.
2 processors are physically available.
4 processors are logically available.
Processor type: i486 (Intel 80486)
Processors active: 0 1 2 3
Primary memory available: 8.00 gigabytes
Default processor set: 184 tasks, 951 threads, 4 processors
Load average: 1.54, Mach factor: 2.45
/bin/machine           = unknown
/usr/bin/oslevel       = unknown
/bin/universe          = unknown

PATH: /opt/local/bin
PATH: /opt/local/sbin
PATH: /Library/Frameworks/Python.framework/Versions/2.7/bin
PATH: /opt/local/bin
PATH: /opt/local/sbin
PATH: /opt/local/bin
PATH: /opt/local/sbin
PATH: /opt/local/bin
PATH: /opt/local/sbin
PATH: /opt/local/bin
PATH: /opt/local/sbin
PATH: /Users/marc513/.rvm/gems/ruby-2.0.0-p195/bin
PATH: /Users/marc513/.rvm/gems/ruby-2.0.0-p195@global/bin
PATH: /Users/marc513/.rvm/rubies/ruby-2.0.0-p195/bin
PATH: /Users/marc513/.rvm/bin
PATH: /usr/local/bin
PATH: /usr/local/sbin
PATH: ~/bin
PATH: /usr/bin
PATH: /bin
PATH: /usr/sbin
PATH: /sbin
PATH: /usr/local/bin
PATH: /bin/mongo/mongod
PATH: /opt/X11/bin
PATH: /usr/local/CrossPack-AVR/bin
PATH: /usr/local/git/bin


## ----------- ##
## Core tests. ##
## ----------- ##

configure:1986: checking for a BSD-compatible install
configure:2042: result: /usr/bin/install -c
configure:2053: checking whether build environment is sane
configure:2096: result: yes
configure:2124: checking for a thread-safe mkdir -p
configure:2163: result: ./install-sh -c -d
configure:2176: checking for gawk
configure:2206: result: no
configure:2176: checking for mawk
configure:2206: result: no
configure:2176: checking for nawk
configure:2206: result: no
configure:2176: checking for awk
configure:2192: found /usr/bin/awk
configure:2203: result: awk
configure:2214: checking whether make sets $(MAKE)
configure:2235: result: yes
configure:2484: checking for g++
configure:2500: found /usr/bin/g++
configure:2511: result: g++
configure:2542: checking for C++ compiler version
configure:2549: g++ --version >&5
Configured with: --prefix=/Applications/Xcode.app/Contents/Developer/usr --with-gxx-include-dir=/usr/include/c++/4.2.1
Apple LLVM version 5.1 (clang-503.0.40) (based on LLVM 3.4svn)
Target: x86_64-apple-darwin13.3.0
Thread model: posix
configure:2552: $? = 0
configure:2559: g++ -v >&5
Configured with: --prefix=/Applications/Xcode.app/Contents/Developer/usr --with-gxx-include-dir=/usr/include/c++/4.2.1
Apple LLVM version 5.1 (clang-503.0.40) (based on LLVM 3.4svn)
Target: x86_64-apple-darwin13.3.0
Thread model: posix
configure:2562: $? = 0
configure:2569: g++ -V >&5
clang: error: argument to '-V' is missing (expected 1 value)
clang: error: no input files
configure:2572: $? = 1
configure:2595: checking for C++ compiler default output file name
configure:2622: g++    conftest.cpp  >&5
configure:2625: $? = 0
configure:2663: result: a.out
configure:2680: checking whether the C++ compiler works
configure:2690: ./a.out
configure:2693: $? = 0
configure:2710: result: yes
configure:2717: checking whether we are cross compiling
configure:2719: result: no
configure:2722: checking for suffix of executables
configure:2729: g++ -o conftest    conftest.cpp  >&5
configure:2732: $? = 0
configure:2756: result: 
configure:2762: checking for suffix of object files
configure:2788: g++ -c   conftest.cpp >&5
configure:2791: $? = 0
configure:2814: result: o
configure:2818: checking whether we are using the GNU C++ compiler
configure:2847: g++ -c   conftest.cpp >&5
configure:2853: $? = 0
configure:2870: result: yes
configure:2875: checking whether g++ accepts -g
configure:2905: g++ -c -g  conftest.cpp >&5
configure:2911: $? = 0
configure:3010: result: yes
configure:3044: checking for style of include used by make
configure:3072: result: GNU
configure:3097: checking dependency style of g++
configure:3188: result: gcc3
configure:3283: checking build system type
configure:3301: result: i386-apple-darwin13.3.0
configure:3323: checking host system type
configure:3338: result: i386-apple-darwin13.3.0
configure:3408: checking for gcc
configure:3424: found /usr/bin/gcc
configure:3435: result: gcc
configure:3673: checking for C compiler version
configure:3680: gcc --version >&5
Configured with: --prefix=/Applications/Xcode.app/Contents/Developer/usr --with-gxx-include-dir=/usr/include/c++/4.2.1
Apple LLVM version 5.1 (clang-503.0.40) (based on LLVM 3.4svn)
Target: x86_64-apple-darwin13.3.0
Thread model: posix
configure:3683: $? = 0
configure:3690: gcc -v >&5
Configured with: --prefix=/Applications/Xcode.app/Contents/Developer/usr --with-gxx-include-dir=/usr/include/c++/4.2.1
Apple LLVM version 5.1 (clang-503.0.40) (based on LLVM 3.4svn)
Target: x86_64-apple-darwin13.3.0
Thread model: posix
configure:3693: $? = 0
configure:3700: gcc -V >&5
clang: error: argument to '-V' is missing (expected 1 value)
clang: error: no input files
configure:3703: $? = 1
configure:3706: checking whether we are using the GNU C compiler
configure:3735: gcc -c   conftest.c >&5
configure:3741: $? = 0
configure:3758: result: yes
configure:3763: checking whether gcc accepts -g
configure:3793: gcc -c -g  conftest.c >&5
configure:3799: $? = 0
configure:3898: result: yes
configure:3915: checking for gcc option to accept ISO C89
configure:3989: gcc  -c -g -O2  conftest.c >&5
configure:3995: $? = 0
configure:4018: result: none needed
configure:4038: checking dependency style of gcc
configure:4129: result: gcc3
configure:4144: checking for a sed that does not truncate output
configure:4200: result: /usr/bin/sed
configure:4203: checking for grep that handles long lines and -e
configure:4277: result: /usr/bin/grep
configure:4282: checking for egrep
configure:4360: result: /usr/bin/grep -E
configure:4376: checking for ld used by gcc
configure:4443: result: /Applications/Xcode.app/Contents/Developer/Toolchains/XcodeDefault.xctoolchain/usr/bin/ld
configure:4452: checking if the linker (/Applications/Xcode.app/Contents/Developer/Toolchains/XcodeDefault.xctoolchain/usr/bin/ld) is GNU ld
configure:4467: result: no
configure:4472: checking for /Applications/Xcode.app/Contents/Developer/Toolchains/XcodeDefault.xctoolchain/usr/bin/ld option to reload object files
configure:4479: result: -r
configure:4497: checking for BSD-compatible nm
configure:4546: result: /opt/local/bin/nm
configure:4550: checking whether ln -s works
configure:4554: result: yes
configure:4561: checking how to recognize dependent libraries
configure:4747: result: pass_all
configure:4992: checking how to run the C preprocessor
configure:5032: gcc -E  conftest.c
configure:5038: $? = 0
configure:5069: gcc -E  conftest.c
conftest.c:10:10: fatal error: 'ac_nonexistent.h' file not found
#include <ac_nonexistent.h>
         ^
1 error generated.
configure:5075: $? = 1
configure: failed program was:
| /* confdefs.h.  */
| #define PACKAGE_NAME "blitzwave"
| #define PACKAGE_TARNAME "blitzwave"
| #define PACKAGE_VERSION "0.7.1"
| #define PACKAGE_STRING "blitzwave 0.7.1"
| #define PACKAGE_BUGREPORT ""
| #define PACKAGE "blitzwave"
| #define VERSION "0.7.1"
| /* end confdefs.h.  */
| #include <ac_nonexistent.h>
configure:5108: result: gcc -E
configure:5137: gcc -E  conftest.c
configure:5143: $? = 0
configure:5174: gcc -E  conftest.c
conftest.c:10:10: fatal error: 'ac_nonexistent.h' file not found
#include <ac_nonexistent.h>
         ^
1 error generated.
configure:5180: $? = 1
configure: failed program was:
| /* confdefs.h.  */
| #define PACKAGE_NAME "blitzwave"
| #define PACKAGE_TARNAME "blitzwave"
| #define PACKAGE_VERSION "0.7.1"
| #define PACKAGE_STRING "blitzwave 0.7.1"
| #define PACKAGE_BUGREPORT ""
| #define PACKAGE "blitzwave"
| #define VERSION "0.7.1"
| /* end confdefs.h.  */
| #include <ac_nonexistent.h>
configure:5218: checking for ANSI C header files
configure:5248: gcc -c -g -O2  conftest.c >&5
configure:5254: $? = 0
configure:5353: gcc -o conftest -g -O2   conftest.c  >&5
configure:5356: $? = 0
configure:5362: ./conftest
configure:5365: $? = 0
configure:5382: result: yes
configure:5406: checking for sys/types.h
configure:5427: gcc -c -g -O2  conftest.c >&5
configure:5433: $? = 0
configure:5449: result: yes
configure:5406: checking for sys/stat.h
configure:5427: gcc -c -g -O2  conftest.c >&5
configure:5433: $? = 0
configure:5449: result: yes
configure:5406: checking for stdlib.h
configure:5427: gcc -c -g -O2  conftest.c >&5
configure:5433: $? = 0
configure:5449: result: yes
configure:5406: checking for string.h
configure:5427: gcc -c -g -O2  conftest.c >&5
configure:5433: $? = 0
configure:5449: result: yes
configure:5406: checking for memory.h
configure:5427: gcc -c -g -O2  conftest.c >&5
configure:5433: $? = 0
configure:5449: result: yes
configure:5406: checking for strings.h
configure:5427: gcc -c -g -O2  conftest.c >&5
configure:5433: $? = 0
configure:5449: result: yes
configure:5406: checking for inttypes.h
configure:5427: gcc -c -g -O2  conftest.c >&5
configure:5433: $? = 0
configure:5449: result: yes
configure:5406: checking for stdint.h
configure:5427: gcc -c -g -O2  conftest.c >&5
configure:5433: $? = 0
configure:5449: result: yes
configure:5406: checking for unistd.h
configure:5427: gcc -c -g -O2  conftest.c >&5
configure:5433: $? = 0
configure:5449: result: yes
configure:5476: checking dlfcn.h usability
configure:5493: gcc -c -g -O2  conftest.c >&5
configure:5499: $? = 0
configure:5513: result: yes
configure:5517: checking dlfcn.h presence
configure:5532: gcc -E  conftest.c
configure:5538: $? = 0
configure:5552: result: yes
configure:5580: checking for dlfcn.h
configure:5588: result: yes
configure:5611: checking how to run the C++ preprocessor
configure:5647: g++ -E  conftest.cpp
configure:5653: $? = 0
configure:5684: g++ -E  conftest.cpp
conftest.cpp:21:10: fatal error: 'ac_nonexistent.h' file not found
#include <ac_nonexistent.h>
         ^
1 error generated.
configure:5690: $? = 1
configure: failed program was:
| /* confdefs.h.  */
| #define PACKAGE_NAME "blitzwave"
| #define PACKAGE_TARNAME "blitzwave"
| #define PACKAGE_VERSION "0.7.1"
| #define PACKAGE_STRING "blitzwave 0.7.1"
| #define PACKAGE_BUGREPORT ""
| #define PACKAGE "blitzwave"
| #define VERSION "0.7.1"
| #define STDC_HEADERS 1
| #define HAVE_SYS_TYPES_H 1
| #define HAVE_SYS_STAT_H 1
| #define HAVE_STDLIB_H 1
| #define HAVE_STRING_H 1
| #define HAVE_MEMORY_H 1
| #define HAVE_STRINGS_H 1
| #define HAVE_INTTYPES_H 1
| #define HAVE_STDINT_H 1
| #define HAVE_UNISTD_H 1
| #define HAVE_DLFCN_H 1
| /* end confdefs.h.  */
| #include <ac_nonexistent.h>
configure:5723: result: g++ -E
configure:5752: g++ -E  conftest.cpp
configure:5758: $? = 0
configure:5789: g++ -E  conftest.cpp
conftest.cpp:21:10: fatal error: 'ac_nonexistent.h' file not found
#include <ac_nonexistent.h>
         ^
1 error generated.
configure:5795: $? = 1
configure: failed program was:
| /* confdefs.h.  */
| #define PACKAGE_NAME "blitzwave"
| #define PACKAGE_TARNAME "blitzwave"
| #define PACKAGE_VERSION "0.7.1"
| #define PACKAGE_STRING "blitzwave 0.7.1"
| #define PACKAGE_BUGREPORT ""
| #define PACKAGE "blitzwave"
| #define VERSION "0.7.1"
| #define STDC_HEADERS 1
| #define HAVE_SYS_TYPES_H 1
| #define HAVE_SYS_STAT_H 1
| #define HAVE_STDLIB_H 1
| #define HAVE_STRING_H 1
| #define HAVE_MEMORY_H 1
| #define HAVE_STRINGS_H 1
| #define HAVE_INTTYPES_H 1
| #define HAVE_STDINT_H 1
| #define HAVE_UNISTD_H 1
| #define HAVE_DLFCN_H 1
| /* end confdefs.h.  */
| #include <ac_nonexistent.h>
configure:5888: checking for g77
configure:5918: result: no
configure:5888: checking for xlf
configure:5918: result: no
configure:5888: checking for f77
configure:5918: result: no
configure:5888: checking for frt
configure:5918: result: no
configure:5888: checking for pgf77
configure:5918: result: no
configure:5888: checking for cf77
configure:5918: result: no
configure:5888: checking for fort77
configure:5918: result: no
configure:5888: checking for fl32
configure:5918: result: no
configure:5888: checking for af77
configure:5918: result: no
configure:5888: checking for xlf90
configure:5918: result: no
configure:5888: checking for f90
configure:5918: result: no
configure:5888: checking for pgf90
configure:5918: result: no
configure:5888: checking for pghpf
configure:5918: result: no
configure:5888: checking for epcf90
configure:5918: result: no
configure:5888: checking for gfortran
configure:5918: result: no
configure:5888: checking for g95
configure:5918: result: no
configure:5888: checking for xlf95
configure:5918: result: no
configure:5888: checking for f95
configure:5918: result: no
configure:5888: checking for fort
configure:5918: result: no
configure:5888: checking for ifort
configure:5918: result: no
configure:5888: checking for ifc
configure:5918: result: no
configure:5888: checking for efc
configure:5918: result: no
configure:5888: checking for pgf95
configure:5918: result: no
configure:5888: checking for lf95
configure:5918: result: no
configure:5888: checking for ftn
configure:5918: result: no
configure:5945: checking for Fortran 77 compiler version
configure:5952:  --version >&5
./configure: line 5953: --version: command not found
configure:5955: $? = 127
configure:5962:  -v >&5
./configure: line 5963: -v: command not found
configure:5965: $? = 127
configure:5972:  -V >&5
./configure: line 5973: -V: command not found
configure:5975: $? = 127
configure:5983: checking whether we are using the GNU Fortran 77 compiler
configure:6002:  -c  conftest.F >&5
./configure: line 6003: -c: command not found
configure:6008: $? = 127
configure: failed program was:
|       program main
| #ifndef __GNUC__
|        choke me
| #endif
| 
|       end
configure:6025: result: no
configure:6031: checking whether  accepts -g
configure:6048:  -c -g conftest.f >&5
./configure: line 6049: -c: command not found
configure:6054: $? = 127
configure: failed program was:
|       program main
| 
|       end
configure:6070: result: no
configure:6099: checking the maximum length of command line arguments
configure:6211: result: 196608
configure:6223: checking command to parse /opt/local/bin/nm output from gcc object
configure:6328: gcc -c -g -O2  conftest.c >&5
configure:6331: $? = 0
configure:6335: /opt/local/bin/nm conftest.o \| sed -n -e 's/^.*[ 	]\([BCDEGRST][BCDEGRST]*\)[ 	][ 	]*\([_A-Za-z][_A-Za-z0-9]*\)$/\1 \2 \2/p' \> conftest.nm
configure:6338: $? = 0
cannot find nm_test_var in conftest.nm
configure:6328: gcc -c -g -O2  conftest.c >&5
configure:6331: $? = 0
configure:6335: /opt/local/bin/nm conftest.o \| sed -n -e 's/^.*[ 	]\([BCDEGRST][BCDEGRST]*\)[ 	][ 	]*_\([_A-Za-z][_A-Za-z0-9]*\)$/\1 _\2 \2/p' \> conftest.nm
configure:6338: $? = 0
configure:6390: gcc -o conftest -g -O2   conftest.c conftstm.o >&5
configure:6393: $? = 0
configure:6431: result: ok
configure:6435: checking for objdir
configure:6450: result: .libs
configure:6542: checking for ar
configure:6558: found /opt/local/bin/ar
configure:6569: result: ar
configure:6638: checking for ranlib
configure:6654: found /opt/local/bin/ranlib
configure:6665: result: ranlib
configure:6734: checking for strip
configure:6750: found /opt/local/bin/strip
configure:6761: result: strip
configure:7018: checking for dsymutil
configure:7034: found /usr/bin/dsymutil
configure:7045: result: dsymutil
configure:7114: checking for nmedit
configure:7130: found /opt/local/bin/nmedit
configure:7141: result: nmedit
configure:7168: checking for -single_module linker flag
configure:7189: result: yes
configure:7191: checking for -exported_symbols_list linker flag
configure:7221: gcc -o conftest -g -O2   -Wl,-exported_symbols_list,conftest.sym conftest.c  >&5
configure:7227: $? = 0
configure:7246: result: yes
configure:7359: checking if gcc supports -fno-rtti -fno-exceptions
configure:7377: gcc -c -g -O2  -fno-rtti -fno-exceptions conftest.c >&5
configure:7381: $? = 0
configure:7394: result: yes
configure:7409: checking for gcc option to produce PIC
configure:7641: result: -fno-common
configure:7649: checking if gcc PIC flag -fno-common works
configure:7667: gcc -c -g -O2  -fno-common -DPIC conftest.c >&5
configure:7671: $? = 0
configure:7684: result: yes
configure:7712: checking if gcc static flag -static works
configure:7740: result: no
configure:7750: checking if gcc supports -c -o file.o
configure:7771: gcc -c -g -O2  -o out/conftest2.o conftest.c >&5
configure:7775: $? = 0
configure:7797: result: yes
configure:7823: checking whether the gcc linker (/Applications/Xcode.app/Contents/Developer/Toolchains/XcodeDefault.xctoolchain/usr/bin/ld) supports shared libraries
configure:8804: result: yes
configure:8871: checking dynamic linker characteristics
configure:9485: result: darwin13.3.0 dyld
configure:9509: checking how to hardcode library paths into programs
configure:9534: result: immediate
configure:9548: checking whether stripping libraries is possible
configure:9562: result: yes
configure:9603: checking for dlopen in -ldl
configure:9638: gcc -o conftest -g -O2   conftest.c -ldl   >&5
configure:9644: $? = 0
configure:9662: result: yes
configure:10137: checking whether a program can dlopen itself
configure:10211: gcc -o conftest -g -O2  -DHAVE_DLFCN_H   conftest.c -ldl  >&5
configure:10207:5: warning: implicitly declaring library function 'exit' with type 'void (int) __attribute__((noreturn))'
    exit (status);
    ^
configure:10207:5: note: please include the header <stdlib.h> or explicitly provide a declaration for 'exit'
1 warning generated.
configure:10214: $? = 0
configure:10232: result: yes
configure:10237: checking whether a statically linked program can dlopen itself
configure:10311: gcc -o conftest -g -O2  -DHAVE_DLFCN_H    conftest.c -ldl  >&5
configure:10307:5: warning: implicitly declaring library function 'exit' with type 'void (int) __attribute__((noreturn))'
    exit (status);
    ^
configure:10307:5: note: please include the header <stdlib.h> or explicitly provide a declaration for 'exit'
1 warning generated.
configure:10314: $? = 0
configure:10332: result: yes
configure:10355: checking if libtool supports shared libraries
configure:10357: result: yes
configure:10360: checking whether to build shared libraries
configure:10381: result: yes
configure:10384: checking whether to build static libraries
configure:10388: result: yes
configure:10482: creating libtool
configure:11075: checking for ld used by g++
configure:11142: result: /Applications/Xcode.app/Contents/Developer/Toolchains/XcodeDefault.xctoolchain/usr/bin/ld
configure:11151: checking if the linker (/Applications/Xcode.app/Contents/Developer/Toolchains/XcodeDefault.xctoolchain/usr/bin/ld) is GNU ld
configure:11166: result: no
configure:11217: checking whether the g++ linker (/Applications/Xcode.app/Contents/Developer/Toolchains/XcodeDefault.xctoolchain/usr/bin/ld) supports shared libraries
configure:12163: result: yes
configure:12180: g++ -c -g -O2  conftest.cpp >&5
configure:12183: $? = 0
configure:12339: checking for g++ option to produce PIC
configure:12623: result: -fno-common
configure:12631: checking if g++ PIC flag -fno-common works
configure:12649: g++ -c -g -O2  -fno-common -DPIC conftest.cpp >&5
configure:12653: $? = 0
configure:12666: result: yes
configure:12694: checking if g++ static flag -static works
configure:12722: result: no
configure:12732: checking if g++ supports -c -o file.o
configure:12753: g++ -c -g -O2  -o out/conftest2.o conftest.cpp >&5
configure:12757: $? = 0
configure:12779: result: yes
configure:12805: checking whether the g++ linker (/Applications/Xcode.app/Contents/Developer/Toolchains/XcodeDefault.xctoolchain/usr/bin/ld) supports shared libraries
configure:12834: result: yes
configure:12901: checking dynamic linker characteristics
configure:13463: result: darwin13.3.0 dyld
configure:13487: checking how to hardcode library paths into programs
configure:13512: result: immediate
configure:19764: checking for doxygen
configure:19794: result: no
configure:19816: checking for pkg-config
configure:19832: found /usr/local/bin/pkg-config
configure:19843: result: pkg-config
configure:19872: checking pkg-config blitz
configure:19875: result: yes
configure:20114: creating ./config.status

## ---------------------- ##
## Running config.status. ##
## ---------------------- ##

This file was extended by blitzwave config.status 0.7.1, which was
generated by GNU Autoconf 2.61.  Invocation command line was

  CONFIG_FILES    = 
  CONFIG_HEADERS  = 
  CONFIG_LINKS    = 
  CONFIG_COMMANDS = 
  $ ./config.status 

on marcs-mbp

config.status:677: creating Makefile
config.status:677: creating blitzwave.pc
config.status:677: creating src/Makefile
config.status:677: creating doc/Makefile
config.status:677: creating doc/Doxyfile
config.status:677: creating config.h
config.status:951: executing depfiles commands

## ---------------- ##
## Cache variables. ##
## ---------------- ##

ac_cv_build=i386-apple-darwin13.3.0
ac_cv_c_compiler_gnu=yes
ac_cv_cxx_compiler_gnu=yes
ac_cv_env_CCC_set=
ac_cv_env_CCC_value=
ac_cv_env_CC_set=
ac_cv_env_CC_value=
ac_cv_env_CFLAGS_set=
ac_cv_env_CFLAGS_value=
ac_cv_env_CPPFLAGS_set=
ac_cv_env_CPPFLAGS_value=
ac_cv_env_CPP_set=
ac_cv_env_CPP_value=
ac_cv_env_CXXCPP_set=
ac_cv_env_CXXCPP_value=
ac_cv_env_CXXFLAGS_set=
ac_cv_env_CXXFLAGS_value=
ac_cv_env_CXX_set=
ac_cv_env_CXX_value=
ac_cv_env_F77_set=
ac_cv_env_F77_value=
ac_cv_env_FFLAGS_set=
ac_cv_env_FFLAGS_value=
ac_cv_env_LDFLAGS_set=
ac_cv_env_LDFLAGS_value=
ac_cv_env_LIBS_set=
ac_cv_env_LIBS_value=
ac_cv_env_build_alias_set=
ac_cv_env_build_alias_value=
ac_cv_env_host_alias_set=
ac_cv_env_host_alias_value=
ac_cv_env_target_alias_set=
ac_cv_env_target_alias_value=
ac_cv_f77_compiler_gnu=no
ac_cv_header_dlfcn_h=yes
ac_cv_header_inttypes_h=yes
ac_cv_header_memory_h=yes
ac_cv_header_stdc=yes
ac_cv_header_stdint_h=yes
ac_cv_header_stdlib_h=yes
ac_cv_header_string_h=yes
ac_cv_header_strings_h=yes
ac_cv_header_sys_stat_h=yes
ac_cv_header_sys_types_h=yes
ac_cv_header_unistd_h=yes
ac_cv_host=i386-apple-darwin13.3.0
ac_cv_lib_dl_dlopen=yes
ac_cv_objext=o
ac_cv_path_EGREP='/usr/bin/grep -E'
ac_cv_path_GREP=/usr/bin/grep
ac_cv_path_install='/usr/bin/install -c'
ac_cv_prog_AWK=awk
ac_cv_prog_CPP='gcc -E'
ac_cv_prog_CXXCPP='g++ -E'
ac_cv_prog_PKGCONFIG=pkg-config
ac_cv_prog_ac_ct_AR=ar
ac_cv_prog_ac_ct_CC=gcc
ac_cv_prog_ac_ct_CXX=g++
ac_cv_prog_ac_ct_DSYMUTIL=dsymutil
ac_cv_prog_ac_ct_NMEDIT=nmedit
ac_cv_prog_ac_ct_RANLIB=ranlib
ac_cv_prog_ac_ct_STRIP=strip
ac_cv_prog_cc_c89=
ac_cv_prog_cc_g=yes
ac_cv_prog_cxx_g=yes
ac_cv_prog_f77_g=no
ac_cv_prog_make_make_set=yes
am_cv_CC_dependencies_compiler_type=gcc3
am_cv_CXX_dependencies_compiler_type=gcc3
lt_cv_apple_cc_single_mod=yes
lt_cv_deplibs_check_method=pass_all
lt_cv_dlopen=dlopen
lt_cv_dlopen_libs=-ldl
lt_cv_dlopen_self=yes
lt_cv_dlopen_self_static=yes
lt_cv_file_magic_cmd='$MAGIC_CMD'
lt_cv_file_magic_test_file=
lt_cv_ld_exported_symbols_list=yes
lt_cv_ld_reload_flag=-r
lt_cv_objdir=.libs
lt_cv_path_LD=/Applications/Xcode.app/Contents/Developer/Toolchains/XcodeDefault.xctoolchain/usr/bin/ld
lt_cv_path_LDCXX=/Applications/Xcode.app/Contents/Developer/Toolchains/XcodeDefault.xctoolchain/usr/bin/ld
lt_cv_path_NM=/opt/local/bin/nm
lt_cv_path_SED=/usr/bin/sed
lt_cv_prog_compiler_c_o=yes
lt_cv_prog_compiler_c_o_CXX=yes
lt_cv_prog_compiler_pic_works=yes
lt_cv_prog_compiler_pic_works_CXX=yes
lt_cv_prog_compiler_rtti_exceptions=yes
lt_cv_prog_compiler_static_works=no
lt_cv_prog_compiler_static_works_CXX=no
lt_cv_prog_gnu_ld=no
lt_cv_prog_gnu_ldcxx=no
lt_cv_sys_global_symbol_pipe='sed -n -e '\''s/^.*[ 	]\([BCDEGRST][BCDEGRST]*\)[ 	][ 	]*_\([_A-Za-z][_A-Za-z0-9]*\)$/\1 _\2 \2/p'\'''
lt_cv_sys_global_symbol_to_c_name_address='sed -n -e '\''s/^: \([^ ]*\) $/  {\"\1\", (lt_ptr) 0},/p'\'' -e '\''s/^[BCDEGRST] \([^ ]*\) \([^ ]*\)$/  {"\2", (lt_ptr) \&\2},/p'\'''
lt_cv_sys_global_symbol_to_cdecl='sed -n -e '\''s/^. .* \(.*\)$/extern int \1;/p'\'''
lt_cv_sys_lib_dlsearch_path_spec='/usr/local/lib /lib /usr/lib'
lt_cv_sys_lib_search_path_spec='/Applications/Xcode.app/Contents/Developer/Toolchains/XcodeDefault.xctoolchain/usr/lib/clang/5.1 /usr/local/lib'
lt_cv_sys_max_cmd_len=196608
lt_lt_cv_prog_compiler_c_o='"yes"'
lt_lt_cv_prog_compiler_c_o_CXX='"yes"'
lt_lt_cv_sys_global_symbol_pipe='"sed -n -e '\''s/^.*[ 	]\\([BCDEGRST][BCDEGRST]*\\)[ 	][ 	]*_\\([_A-Za-z][_A-Za-z0-9]*\\)\$/\\1 _\\2 \\2/p'\''"'
lt_lt_cv_sys_global_symbol_to_c_name_address='"sed -n -e '\''s/^: \\([^ ]*\\) \$/  {\\\"\\1\\\", (lt_ptr) 0},/p'\'' -e '\''s/^[BCDEGRST] \\([^ ]*\\) \\([^ ]*\\)\$/  {\"\\2\", (lt_ptr) \\&\\2},/p'\''"'
lt_lt_cv_sys_global_symbol_to_cdecl='"sed -n -e '\''s/^. .* \\(.*\\)\$/extern int \\1;/p'\''"'

## ----------------- ##
## Output variables. ##
## ----------------- ##

ACLOCAL='${SHELL} /Users/marc513/Documents/BCH/HRM/wavelet/blitzwave-0.7.1/missing --run aclocal-1.10'
AMDEPBACKSLASH='\'
AMDEP_FALSE='#'
AMDEP_TRUE=''
AMTAR='${SHELL} /Users/marc513/Documents/BCH/HRM/wavelet/blitzwave-0.7.1/missing --run tar'
AR='ar'
AUTOCONF='${SHELL} /Users/marc513/Documents/BCH/HRM/wavelet/blitzwave-0.7.1/missing --run autoconf'
AUTOHEADER='${SHELL} /Users/marc513/Documents/BCH/HRM/wavelet/blitzwave-0.7.1/missing --run autoheader'
AUTOMAKE='${SHELL} /Users/marc513/Documents/BCH/HRM/wavelet/blitzwave-0.7.1/missing --run automake-1.10'
AWK='awk'
CC='gcc'
CCDEPMODE='depmode=gcc3'
CFLAGS='-g -O2'
COND_DOXYGEN_FALSE=''
COND_DOXYGEN_TRUE='#'
COND_PKGCONFIG_FALSE='#'
COND_PKGCONFIG_TRUE=''
CPP='gcc -E'
CPPFLAGS=''
CXX='g++'
CXXCPP='g++ -E'
CXXDEPMODE='depmode=gcc3'
CXXFLAGS='-g -O2'
CYGPATH_W='echo'
DEFS='-DHAVE_CONFIG_H'
DEPDIR='.deps'
DOXYGEN='false'
DSYMUTIL='dsymutil'
ECHO='/bin/echo'
ECHO_C='ECHO_N=''
ECHO_T=''
EGREP='/usr/bin/grep -E'
EXEEXT=''
F77=''
FFLAGS=''
GREP='/usr/bin/grep'
INSTALL_DATA='${INSTALL} -m 644'
INSTALL_PROGRAM='${INSTALL}'
INSTALL_SCRIPT='${INSTALL}'
INSTALL_STRIP_PROGRAM='$(install_sh) -c -s'
LDFLAGS=''
LIBOBJS=''
LIBS='-L/usr/local/lib -lblitz  '
LIBTOOL='$(SHELL) $(top_builddir)/libtool'
LIB_CFLAGS=''
LIB_LIBS=''
LN_S='ln -s'
LTLIBOBJS=''
MAKEINFO='${SHELL} /Users/marc513/Documents/BCH/HRM/wavelet/blitzwave-0.7.1/missing --run makeinfo'
NMEDIT='nmedit'
OBJEXT='o'
PACKAGE='blitzwave'
PACKAGE_BUGREPORT=''
PACKAGE_NAME='blitzwave'
PACKAGE_STRING='blitzwave 0.7.1'
PACKAGE_TARNAME='blitzwave'
PACKAGE_VERSION='0.7.1'
PATH_SEPARATOR=':'
PKGCONFIG='pkg-config'
RANLIB='ranlib'
REQ_PKGS=' blitz'
SED='/usr/bin/sed'
SET_MAKE=''
SHELL='/bin/sh'
STRIP='strip'
VERSION='0.7.1'
ac_ct_CC='gcc'
ac_ct_CXX='g++'
ac_ct_F77=''
am__fastdepCC_FALSE='#'
am__fastdepCC_TRUE=''
am__fastdepCXX_FALSE='#'
am__fastdepCXX_TRUE=''
am__include='include'
am__isrc=''
am__leading_dot='.'
am__quote=''
am__tar='${AMTAR} chof - "$$tardir"'
am__untar='${AMTAR} xf -'
bindir='${exec_prefix}/bin'
build='i386-apple-darwin13.3.0'
build_alias=''
build_cpu='i386'
build_os='darwin13.3.0'
build_vendor='apple'
datadir='${datarootdir}'
datarootdir='${prefix}/share'
docdir='${datarootdir}/doc/${PACKAGE_TARNAME}'
dvidir='${docdir}'
exec_prefix='${prefix}'
host='i386-apple-darwin13.3.0'
host_alias=''
host_cpu='i386'
host_os='darwin13.3.0'
host_vendor='apple'
htmldir='${docdir}'
includedir='${prefix}/include'
infodir='${datarootdir}/info'
install_sh='$(SHELL) /Users/marc513/Documents/BCH/HRM/wavelet/blitzwave-0.7.1/install-sh'
libdir='${exec_prefix}/lib'
libexecdir='${exec_prefix}/libexec'
localedir='${datarootdir}/locale'
localstatedir='${prefix}/var'
mandir='${datarootdir}/man'
mkdir_p='$(top_builddir)/./install-sh -c -d'
oldincludedir='/usr/include'
pdfdir='${docdir}'
prefix='/usr/local'
program_transform_name='s,x,x,'
psdir='${docdir}'
sbindir='${exec_prefix}/sbin'
sharedstatedir='${prefix}/com'
sysconfdir='${prefix}/etc'
target_alias=''

## ----------- ##
## confdefs.h. ##
## ----------- ##

#define PACKAGE_NAME "blitzwave"
#define PACKAGE_TARNAME "blitzwave"
#define PACKAGE_VERSION "0.7.1"
#define PACKAGE_STRING "blitzwave 0.7.1"
#define PACKAGE_BUGREPORT ""
#define PACKAGE "blitzwave"
#define VERSION "0.7.1"
#define STDC_HEADERS 1
#define HAVE_SYS_TYPES_H 1
#define HAVE_SYS_STAT_H 1
#define HAVE_STDLIB_H 1
#define HAVE_STRING_H 1
#define HAVE_MEMORY_H 1
#define HAVE_STRINGS_H 1
#define HAVE_INTTYPES_H 1
#define HAVE_STDINT_H 1
#define HAVE_UNISTD_H 1
#define HAVE_DLFCN_H 1

configure: exit 0
